2025-11-24 11:50:30,111 - INFO - === Servidor Aurora Iniciado (Async + Logging Profesional) ===
2025-11-24 11:50:30,228 - INFO - server listening on 0.0.0.0:8080
2025-11-24 11:50:30,632 - INFO - connection open
2025-11-24 11:50:30,648 - WARNING - Intento de conexiÛn fallido. Token inv·lido.
2025-11-24 11:50:31,511 - INFO - connection open
2025-11-24 11:50:31,515 - WARNING - Intento de conexiÛn fallido. Token inv·lido.
2025-11-24 11:50:35,577 - INFO - connection open
2025-11-24 11:50:35,584 - INFO - Usuario conectado: ID 1 | Rol: founder | SesiÛn: e1jdgk3m...
2025-11-24 11:51:20,053 - INFO - === Servidor Aurora Iniciado (Async + Logging Profesional) ===
2025-11-24 11:51:20,122 - INFO - server listening on 0.0.0.0:8080
2025-11-24 11:51:24,107 - INFO - connection open
2025-11-24 11:51:24,111 - INFO - Usuario conectado: ID 1 | Rol: founder | SesiÛn: e1jdgk3m...
2025-11-24 11:52:57,751 - INFO - ‚úÖ Pool de conexiones a base de datos inicializado.
2025-11-24 11:52:57,788 - INFO - === Servidor Aurora Iniciado (Async + Logging Profesional) ===
2025-11-24 11:52:58,183 - INFO - server listening on 0.0.0.0:8080
2025-11-24 11:52:58,590 - INFO - connection open
2025-11-24 11:52:58,593 - WARNING - Intento de conexi√≥n fallido. Token inv√°lido.
2025-11-24 11:53:01,246 - INFO - connection open
2025-11-24 11:53:01,257 - INFO - Usuario conectado: ID 1 | Rol: founder | Sesi√≥n: e1jdgk3m...
2025-11-24 12:00:10,583 - INFO - connection open
2025-11-24 12:00:10,586 - INFO - Usuario conectado: ID 2 | Rol: user | Sesi√≥n: 43dnubej...
2025-11-24 12:04:52,261 - INFO - Usuario 1 desconectado completamente.
2025-11-24 12:04:54,845 - INFO - connection open
2025-11-24 12:04:54,850 - INFO - Usuario conectado: ID 1 | Rol: founder | Sesi√≥n: e1jdgk3m...
2025-11-24 12:04:59,924 - INFO - Usuario 1 desconectado completamente.
2025-11-24 12:05:00,061 - INFO - connection open
2025-11-24 12:05:00,074 - INFO - Usuario conectado: ID 1 | Rol: founder | Sesi√≥n: e1jdgk3m...
2025-11-24 12:05:11,950 - INFO - Usuario 2 desconectado completamente.
2025-11-24 12:05:12,307 - INFO - connection open
2025-11-24 12:05:12,310 - INFO - Usuario conectado: ID 2 | Rol: user | Sesi√≥n: 43dnubej...
2025-11-24 12:05:26,454 - INFO - Usuario 1 desconectado completamente.
2025-11-24 12:05:26,541 - INFO - connection open
2025-11-24 12:05:26,543 - INFO - Usuario conectado: ID 1 | Rol: founder | Sesi√≥n: e1jdgk3m...
2025-11-24 12:07:07,006 - INFO - Usuario 1 desconectado completamente.
2025-11-24 12:07:07,093 - INFO - connection open
2025-11-24 12:07:07,096 - INFO - Usuario conectado: ID 1 | Rol: founder | Sesi√≥n: e1jdgk3m...
2025-11-24 12:09:46,408 - INFO - Usuario 1 desconectado completamente.
2025-11-24 12:09:47,219 - INFO - connection open
2025-11-24 12:09:47,222 - INFO - Usuario conectado: ID 1 | Rol: founder | Sesi√≥n: e1jdgk3m...
2025-11-24 12:09:47,763 - INFO - Usuario 2 desconectado completamente.
2025-11-24 12:09:48,233 - INFO - connection open
2025-11-24 12:09:48,238 - INFO - Usuario conectado: ID 2 | Rol: user | Sesi√≥n: 43dnubej...
2025-11-24 12:10:43,369 - INFO - Usuario 1 desconectado completamente.
2025-11-24 12:10:43,438 - INFO - connection open
2025-11-24 12:10:43,464 - INFO - Usuario conectado: ID 1 | Rol: founder | Sesi√≥n: e1jdgk3m...
2025-11-24 12:12:17,746 - INFO - Usuario 1 desconectado completamente.
2025-11-24 12:12:18,006 - INFO - connection open
2025-11-24 12:12:18,016 - INFO - Usuario conectado: ID 1 | Rol: founder | Sesi√≥n: e1jdgk3m...
2025-11-24 12:12:43,836 - INFO - Usuario 1 desconectado completamente.
2025-11-24 12:12:44,488 - INFO - connection open
2025-11-24 12:12:44,492 - INFO - Usuario conectado: ID 1 | Rol: founder | Sesi√≥n: e1jdgk3m...
2025-11-24 12:12:45,268 - INFO - Usuario 2 desconectado completamente.
2025-11-24 12:12:45,718 - INFO - connection open
2025-11-24 12:12:45,731 - INFO - Usuario conectado: ID 2 | Rol: user | Sesi√≥n: 43dnubej...
2025-11-24 12:18:24,421 - INFO - Usuario 1 desconectado completamente.
2025-11-24 12:18:24,948 - INFO - connection open
2025-11-24 12:18:24,952 - INFO - Usuario conectado: ID 1 | Rol: founder | Sesi√≥n: e1jdgk3m...
2025-11-24 12:18:25,264 - INFO - Usuario 2 desconectado completamente.
2025-11-24 12:18:25,622 - INFO - connection open
2025-11-24 12:18:25,630 - INFO - Usuario conectado: ID 2 | Rol: user | Sesi√≥n: 43dnubej...
2025-11-24 12:19:15,532 - INFO - Usuario 1 desconectado completamente.
2025-11-24 12:19:15,794 - INFO - connection open
2025-11-24 12:19:15,820 - INFO - Usuario conectado: ID 1 | Rol: founder | Sesi√≥n: e1jdgk3m...
2025-11-24 12:19:17,536 - INFO - Usuario 1 desconectado completamente.
2025-11-24 12:19:17,765 - INFO - connection open
2025-11-24 12:19:17,781 - INFO - Usuario conectado: ID 1 | Rol: founder | Sesi√≥n: e1jdgk3m...
2025-11-24 12:22:18,839 - INFO - Usuario 2 desconectado completamente.
2025-11-24 12:22:18,990 - INFO - connection open
2025-11-24 12:22:19,013 - WARNING - Intento de conexi√≥n fallido. Token inv√°lido.
2025-11-24 12:22:24,054 - INFO - connection open
2025-11-24 12:22:24,059 - WARNING - Intento de conexi√≥n fallido. Token inv√°lido.
2025-11-24 12:22:29,066 - INFO - connection open
2025-11-24 12:22:29,074 - WARNING - Intento de conexi√≥n fallido. Token inv√°lido.
2025-11-24 12:22:34,087 - INFO - connection open
2025-11-24 12:22:34,101 - WARNING - Intento de conexi√≥n fallido. Token inv√°lido.
2025-11-24 12:22:35,024 - INFO - connection open
2025-11-24 12:22:35,029 - INFO - Usuario conectado: ID 2 | Rol: user | Sesi√≥n: 43dnubej...
2025-11-24 12:22:40,340 - INFO - Usuario 2 desconectado completamente.
2025-11-24 12:22:40,417 - INFO - connection open
2025-11-24 12:22:40,435 - INFO - Usuario conectado: ID 2 | Rol: user | Sesi√≥n: 43dnubej...
2025-11-24 12:23:46,510 - INFO - Usuario 1 desconectado completamente.
2025-11-24 12:23:47,030 - INFO - connection open
2025-11-24 12:23:47,038 - INFO - Usuario conectado: ID 1 | Rol: founder | Sesi√≥n: e1jdgk3m...
2025-11-24 12:23:47,357 - INFO - Usuario 2 desconectado completamente.
2025-11-24 12:23:47,677 - INFO - connection open
2025-11-24 12:23:47,679 - INFO - Usuario conectado: ID 2 | Rol: user | Sesi√≥n: 43dnubej...
2025-11-24 12:24:02,691 - INFO - Usuario 1 desconectado completamente.
2025-11-24 12:24:03,433 - INFO - connection open
2025-11-24 12:24:03,443 - INFO - Usuario conectado: ID 1 | Rol: founder | Sesi√≥n: e1jdgk3m...
2025-11-24 12:24:03,577 - INFO - Usuario 1 desconectado completamente.
2025-11-24 12:24:04,330 - INFO - connection open
2025-11-24 12:24:04,354 - INFO - Usuario conectado: ID 1 | Rol: founder | Sesi√≥n: e1jdgk3m...
2025-11-24 12:25:23,806 - INFO - üì® Notificaci√≥n a Usuario 2: force_logout 
2025-11-24 12:25:25,926 - INFO - Usuario 2 desconectado completamente.
2025-11-24 12:25:39,642 - INFO - connection open
2025-11-24 12:25:39,645 - INFO - Usuario conectado: ID 2 | Rol: user | Sesi√≥n: qir20u1c...
2025-11-24 12:26:12,855 - INFO - Usuario 1 desconectado completamente.
2025-11-24 12:26:13,372 - INFO - connection open
2025-11-24 12:26:13,378 - INFO - Usuario conectado: ID 1 | Rol: founder | Sesi√≥n: e1jdgk3m...
2025-11-24 12:32:12,078 - INFO - Usuario 1 desconectado completamente.
2025-11-24 12:32:12,361 - INFO - connection open
2025-11-24 12:32:12,384 - INFO - Usuario conectado: ID 1 | Rol: founder | Sesi√≥n: e1jdgk3m...
2025-11-24 12:32:19,702 - INFO - Usuario 1 desconectado completamente.
2025-11-24 12:32:19,797 - INFO - connection open
2025-11-24 12:32:19,816 - INFO - Usuario conectado: ID 1 | Rol: founder | Sesi√≥n: e1jdgk3m...
2025-11-24 12:32:29,483 - INFO - Usuario 1 desconectado completamente.
2025-11-24 12:32:29,588 - INFO - connection open
2025-11-24 12:32:29,605 - INFO - Usuario conectado: ID 1 | Rol: founder | Sesi√≥n: e1jdgk3m...
2025-11-24 12:32:33,069 - INFO - Usuario 1 desconectado completamente.
2025-11-24 12:32:33,159 - INFO - connection open
2025-11-24 12:32:33,168 - INFO - Usuario conectado: ID 1 | Rol: founder | Sesi√≥n: e1jdgk3m...
2025-11-24 12:32:36,116 - INFO - Usuario 1 desconectado completamente.
2025-11-24 12:32:36,198 - INFO - connection open
2025-11-24 12:32:36,202 - INFO - Usuario conectado: ID 1 | Rol: founder | Sesi√≥n: e1jdgk3m...
2025-11-24 12:33:20,762 - INFO - Usuario 1 desconectado completamente.
2025-11-24 12:33:20,830 - INFO - connection open
2025-11-24 12:33:20,837 - INFO - Usuario conectado: ID 1 | Rol: founder | Sesi√≥n: e1jdgk3m...
2025-11-24 12:33:22,261 - INFO - Usuario 1 desconectado completamente.
2025-11-24 12:33:22,346 - INFO - connection open
2025-11-24 12:33:22,351 - INFO - Usuario conectado: ID 1 | Rol: founder | Sesi√≥n: e1jdgk3m...
2025-11-24 12:33:23,087 - INFO - Usuario 1 desconectado completamente.
2025-11-24 12:33:23,175 - INFO - connection open
2025-11-24 12:33:23,181 - INFO - Usuario conectado: ID 1 | Rol: founder | Sesi√≥n: e1jdgk3m...
2025-11-24 12:33:25,159 - INFO - Usuario 1 desconectado completamente.
2025-11-24 12:33:25,799 - INFO - connection open
2025-11-24 12:33:25,803 - INFO - Usuario conectado: ID 1 | Rol: founder | Sesi√≥n: e1jdgk3m...
2025-11-24 12:35:51,809 - INFO - Usuario 1 desconectado completamente.
2025-11-24 12:35:52,005 - INFO - connection open
2025-11-24 12:35:52,016 - INFO - Usuario conectado: ID 1 | Rol: founder | Sesi√≥n: e1jdgk3m...
2025-11-24 12:38:33,478 - INFO - Usuario 1 desconectado completamente.
2025-11-24 12:38:34,254 - INFO - connection open
2025-11-24 12:38:34,266 - INFO - Usuario conectado: ID 1 | Rol: founder | Sesi√≥n: e1jdgk3m...
2025-11-24 12:39:56,215 - INFO - Usuario 1 desconectado completamente.
2025-11-24 12:39:56,417 - INFO - connection open
2025-11-24 12:39:56,434 - INFO - Usuario conectado: ID 1 | Rol: founder | Sesi√≥n: e1jdgk3m...
2025-11-24 12:42:58,424 - INFO - Usuario 1 desconectado completamente.
2025-11-24 12:42:59,318 - INFO - connection open
2025-11-24 12:42:59,336 - INFO - Usuario conectado: ID 1 | Rol: founder | Sesi√≥n: e1jdgk3m...
2025-11-24 12:48:37,035 - INFO - Usuario 1 desconectado completamente.
2025-11-24 12:48:37,995 - INFO - connection open
2025-11-24 12:48:38,015 - INFO - Usuario conectado: ID 1 | Rol: founder | Sesi√≥n: e1jdgk3m...
2025-11-24 12:52:54,239 - INFO - Usuario 1 desconectado completamente.
2025-11-24 12:52:55,214 - INFO - connection open
2025-11-24 12:52:55,271 - INFO - Usuario conectado: ID 1 | Rol: founder | Sesi√≥n: e1jdgk3m...
2025-11-24 12:57:12,657 - INFO - Usuario 2 desconectado completamente.
2025-11-24 12:57:12,755 - INFO - connection open
2025-11-24 12:57:12,757 - INFO - Usuario conectado: ID 2 | Rol: user | Sesi√≥n: qir20u1c...
2025-11-24 12:57:12,992 - INFO - Usuario 2 desconectado completamente.
2025-11-24 12:57:13,065 - INFO - connection open
2025-11-24 12:57:13,070 - INFO - Usuario conectado: ID 2 | Rol: user | Sesi√≥n: qir20u1c...
2025-11-24 12:57:15,297 - INFO - Usuario 2 desconectado completamente.
2025-11-24 12:58:31,623 - INFO - Usuario 1 desconectado completamente.
2025-11-24 12:58:31,935 - INFO - connection open
2025-11-24 12:58:31,952 - INFO - Usuario conectado: ID 1 | Rol: founder | Sesi√≥n: e1jdgk3m...
2025-11-24 13:11:20,524 - INFO - Usuario 1 desconectado completamente.
2025-11-24 13:11:43,714 - INFO - connection open
2025-11-24 13:11:43,726 - INFO - Usuario conectado: ID 1 | Rol: user | Sesi√≥n: omupa7hb...
2025-11-24 13:11:55,364 - INFO - Usuario 1 desconectado completamente.
2025-11-24 13:11:55,604 - INFO - connection open
2025-11-24 13:11:55,609 - INFO - Usuario conectado: ID 1 | Rol: founder | Sesi√≥n: omupa7hb...
2025-11-24 13:12:04,637 - INFO - Usuario 1 desconectado completamente.
2025-11-24 13:12:06,294 - INFO - connection open
2025-11-24 13:12:06,296 - INFO - Usuario conectado: ID 1 | Rol: founder | Sesi√≥n: omupa7hb...
2025-11-24 13:12:44,788 - INFO - Usuario 1 desconectado completamente.
2025-11-24 13:12:45,251 - INFO - connection open
2025-11-24 13:12:45,264 - INFO - Usuario conectado: ID 1 | Rol: founder | Sesi√≥n: omupa7hb...
2025-11-24 13:15:40,065 - INFO - Usuario 1 desconectado completamente.
2025-11-24 13:15:40,390 - INFO - connection open
2025-11-24 13:15:40,448 - INFO - Usuario conectado: ID 1 | Rol: founder | Sesi√≥n: omupa7hb...
2025-11-24 13:15:45,336 - INFO - Usuario 1 desconectado completamente.
2025-11-24 13:15:45,584 - INFO - connection open
2025-11-24 13:15:45,599 - INFO - Usuario conectado: ID 1 | Rol: founder | Sesi√≥n: omupa7hb...
2025-11-24 13:18:46,494 - INFO - Usuario 1 desconectado completamente.
2025-11-24 13:18:47,431 - INFO - connection open
2025-11-24 13:18:47,499 - INFO - Usuario conectado: ID 1 | Rol: founder | Sesi√≥n: omupa7hb...
2025-11-24 13:21:46,046 - INFO - Usuario 1 desconectado completamente.
2025-11-24 13:21:46,301 - INFO - connection open
2025-11-24 13:21:46,314 - INFO - Usuario conectado: ID 1 | Rol: founder | Sesi√≥n: omupa7hb...
2025-11-24 14:00:13,581 - INFO - Usuario 1 desconectado completamente.
2025-11-24 14:00:15,020 - INFO - connection open
2025-11-24 14:00:15,025 - INFO - Usuario conectado: ID 1 | Rol: founder | Sesi√≥n: omupa7hb...
2025-11-24 14:00:23,873 - INFO - Usuario 1 desconectado completamente.
2025-11-24 14:00:23,994 - INFO - connection open
2025-11-24 14:00:24,007 - INFO - Usuario conectado: ID 1 | Rol: founder | Sesi√≥n: omupa7hb...
2025-11-24 14:00:25,209 - INFO - Usuario 1 desconectado completamente.
2025-11-24 14:00:26,389 - INFO - connection open
2025-11-24 14:00:26,396 - INFO - Usuario conectado: ID 1 | Rol: founder | Sesi√≥n: omupa7hb...
2025-11-24 14:00:45,062 - INFO - Usuario 1 desconectado completamente.
2025-11-24 14:00:45,554 - INFO - connection open
2025-11-24 14:00:45,612 - INFO - Usuario conectado: ID 1 | Rol: founder | Sesi√≥n: omupa7hb...
2025-11-24 14:09:27,784 - INFO - Usuario 1 desconectado completamente.
2025-11-24 14:09:28,908 - INFO - connection open
2025-11-24 14:09:28,916 - INFO - Usuario conectado: ID 1 | Rol: founder | Sesi√≥n: omupa7hb...
2025-11-24 14:10:01,146 - INFO - connection open
2025-11-24 14:10:01,149 - INFO - Usuario conectado: ID 2 | Rol: user | Sesi√≥n: t166uira...
2025-11-24 14:10:29,449 - INFO - Usuario 2 desconectado completamente.
2025-11-24 14:10:29,819 - INFO - connection open
2025-11-24 14:10:29,821 - INFO - Usuario conectado: ID 2 | Rol: user | Sesi√≥n: t166uira...
2025-11-24 14:29:22,226 - INFO - ‚úÖ Pool de conexiones a base de datos inicializado.
2025-11-24 14:29:22,264 - INFO - === Servidor Aurora Iniciado (Async + Logging Profesional) ===
2025-11-24 14:29:22,749 - INFO - server listening on 0.0.0.0:8080
2025-11-24 14:29:27,204 - INFO - connection open
2025-11-24 14:29:27,209 - WARNING - Intento de conexi√≥n fallido. Token inv√°lido.
2025-11-24 14:29:32,529 - INFO - connection open
2025-11-24 14:29:32,533 - WARNING - Intento de conexi√≥n fallido. Token inv√°lido.
2025-11-24 14:29:38,513 - INFO - connection open
2025-11-24 14:29:38,522 - WARNING - Intento de conexi√≥n fallido. Token inv√°lido.
2025-11-24 14:29:44,588 - INFO - connection open
2025-11-24 14:29:44,593 - WARNING - Intento de conexi√≥n fallido. Token inv√°lido.
2025-11-24 14:29:50,499 - INFO - connection open
2025-11-24 14:29:50,504 - WARNING - Intento de conexi√≥n fallido. Token inv√°lido.
2025-11-24 14:29:55,513 - INFO - connection open
2025-11-24 14:29:55,517 - WARNING - Intento de conexi√≥n fallido. Token inv√°lido.
2025-11-24 14:29:59,305 - INFO - connection open
2025-11-24 14:29:59,308 - INFO - Usuario conectado: ID 1 | Rol: founder | Sesi√≥n: omupa7hb...
2025-11-24 14:31:49,241 - INFO - Usuario 1 desconectado completamente.
2025-11-24 14:31:49,392 - INFO - connection open
2025-11-24 14:31:49,399 - INFO - Usuario conectado: ID 1 | Rol: founder | Sesi√≥n: omupa7hb...
2025-11-24 14:31:54,247 - INFO - Usuario 1 desconectado completamente.
2025-11-24 14:31:54,355 - INFO - connection open
2025-11-24 14:31:54,357 - INFO - Usuario conectado: ID 1 | Rol: founder | Sesi√≥n: omupa7hb...
2025-11-24 14:33:24,691 - INFO - Usuario 1 desconectado completamente.
2025-11-24 14:34:14,518 - INFO - connection open
2025-11-24 14:34:14,522 - INFO - Usuario conectado: ID 2 | Rol: user | Sesi√≥n: ds4nj6ct...
2025-11-24 14:34:23,169 - INFO - connection open
2025-11-24 14:34:23,171 - INFO - Usuario conectado: ID 1 | Rol: founder | Sesi√≥n: omupa7hb...
2025-11-24 14:34:36,241 - INFO - üì® Notificaci√≥n a Usuario 2: friend_request 
2025-11-24 14:34:43,939 - INFO - üì® Notificaci√≥n a Usuario 1: friend_accepted 
2025-11-24 14:34:45,992 - INFO - Usuario 2 desconectado completamente.
2025-11-24 14:34:47,093 - INFO - Usuario 1 desconectado completamente.
2025-11-25 13:52:09,039 - INFO - connection open
2025-11-25 13:52:10,043 - ERROR - Exception in callback _ProactorBasePipeTransport._call_connection_lost()
handle: <Handle _ProactorBasePipeTransport._call_connection_lost()>
Traceback (most recent call last):
  File "C:\Users\jorge\AppData\Local\Programs\Python\Python313\Lib\asyncio\events.py", line 89, in _run
    self._context.run(self._callback, *self._args)
    ~~~~~~~~~~~~~~~~~^^^^^^^^^^^^^^^^^^^^^^^^^^^^^
  File "C:\Users\jorge\AppData\Local\Programs\Python\Python313\Lib\asyncio\proactor_events.py", line 165, in _call_connection_lost
    self._sock.shutdown(socket.SHUT_RDWR)
    ~~~~~~~~~~~~~~~~~~~^^^^^^^^^^^^^^^^^^
ConnectionResetError: [WinError 10054] Se ha forzado la interrupci√≥n de una conexi√≥n existente por el host remoto
2025-11-25 13:52:10,956 - INFO - Usuario conectado: ID 1 | Rol: founder | Sesi√≥n: lkqqssne...
2025-11-25 13:53:08,738 - INFO - ‚úÖ Pool de conexiones a base de datos inicializado.
2025-11-25 13:53:08,780 - INFO - === Servidor Aurora Iniciado (Async + Logging Profesional) ===
2025-11-25 13:53:09,132 - INFO - server listening on 0.0.0.0:8080
2025-11-25 13:53:09,462 - INFO - connection open
2025-11-25 13:53:09,465 - INFO - Usuario conectado: ID 1 | Rol: founder | Sesi√≥n: lkqqssne...
2025-11-25 13:53:22,392 - INFO - Usuario 1 desconectado completamente.
2025-11-25 13:53:22,405 - INFO - connection open
2025-11-25 13:53:22,407 - INFO - Usuario conectado: ID 1 | Rol: founder | Sesi√≥n: lkqqssne...
2025-11-25 13:54:17,357 - INFO - Usuario 1 desconectado completamente.
2025-11-25 13:54:17,437 - INFO - connection open
2025-11-25 13:54:17,441 - INFO - Usuario conectado: ID 1 | Rol: founder | Sesi√≥n: lkqqssne...
2025-11-25 13:54:38,041 - INFO - üì¢ Notificaci√≥n GLOBAL: system_status_update
2025-11-25 13:54:38,169 - INFO - Usuario 1 desconectado completamente.
2025-11-25 13:54:38,258 - INFO - connection open
2025-11-25 13:54:38,271 - INFO - Usuario conectado: ID 1 | Rol: founder | Sesi√≥n: lkqqssne...
2025-11-25 13:54:39,904 - INFO - üì¢ Notificaci√≥n GLOBAL: system_status_update
2025-11-25 13:54:40,016 - INFO - Usuario 1 desconectado completamente.
2025-11-25 13:54:40,082 - INFO - connection open
2025-11-25 13:54:40,085 - INFO - Usuario conectado: ID 1 | Rol: founder | Sesi√≥n: lkqqssne...
2025-11-25 13:54:41,658 - INFO - üì¢ Notificaci√≥n GLOBAL: system_status_update
2025-11-25 13:54:41,783 - INFO - Usuario 1 desconectado completamente.
2025-11-25 13:54:41,859 - INFO - connection open
2025-11-25 13:54:41,866 - INFO - Usuario conectado: ID 1 | Rol: founder | Sesi√≥n: lkqqssne...
2025-11-25 13:54:43,672 - INFO - üì¢ Notificaci√≥n GLOBAL: system_status_update
2025-11-25 13:54:43,803 - INFO - Usuario 1 desconectado completamente.
2025-11-25 13:54:43,885 - INFO - connection open
2025-11-25 13:54:43,887 - INFO - Usuario conectado: ID 1 | Rol: founder | Sesi√≥n: lkqqssne...
2025-11-25 13:58:06,798 - INFO - Usuario 1 desconectado completamente.
2025-11-25 13:58:06,867 - INFO - connection open
2025-11-25 13:58:06,870 - INFO - Usuario conectado: ID 1 | Rol: founder | Sesi√≥n: lkqqssne...
2025-11-25 13:59:57,126 - INFO - Usuario 1 desconectado completamente.
2025-11-25 13:59:57,793 - INFO - connection open
2025-11-25 13:59:57,798 - INFO - Usuario conectado: ID 1 | Rol: founder | Sesi√≥n: lkqqssne...
2025-11-25 14:03:21,310 - INFO - Usuario 1 desconectado completamente.
2025-11-25 14:03:22,042 - INFO - connection open
2025-11-25 14:03:22,049 - INFO - Usuario conectado: ID 1 | Rol: founder | Sesi√≥n: lkqqssne...
2025-11-25 14:05:10,470 - INFO - Usuario 1 desconectado completamente.
2025-11-25 14:05:10,598 - INFO - connection open
2025-11-25 14:05:10,601 - INFO - Usuario conectado: ID 1 | Rol: founder | Sesi√≥n: lkqqssne...
2025-11-25 14:05:11,523 - INFO - Usuario 1 desconectado completamente.
2025-11-25 14:05:12,259 - INFO - connection open
2025-11-25 14:05:12,263 - INFO - Usuario conectado: ID 1 | Rol: founder | Sesi√≥n: lkqqssne...
2025-11-25 14:06:55,062 - INFO - Usuario 1 desconectado completamente.
2025-11-25 14:06:56,256 - INFO - connection open
2025-11-25 14:06:56,262 - INFO - Usuario conectado: ID 1 | Rol: founder | Sesi√≥n: lkqqssne...
2025-11-25 14:09:07,503 - INFO - üì¢ Notificaci√≥n GLOBAL: force_logout
2025-11-25 14:09:09,823 - INFO - Usuario 1 desconectado completamente.
2025-11-25 14:09:18,392 - INFO - connection open
2025-11-25 14:09:18,395 - INFO - Usuario conectado: ID 1 | Rol: founder | Sesi√≥n: rbasikmd...
2025-11-25 14:10:35,824 - INFO - connection open
2025-11-25 14:10:35,827 - INFO - Usuario conectado: ID 2 | Rol: user | Sesi√≥n: 1uu9fgf2...
2025-11-25 14:13:12,218 - INFO - Usuario 2 desconectado completamente.
2025-11-25 14:13:21,373 - INFO - connection open
2025-11-25 14:13:21,378 - INFO - Usuario conectado: ID 2 | Rol: user | Sesi√≥n: 1uu9fgf2...
2025-11-25 14:14:53,170 - INFO - Usuario 1 desconectado completamente.
2025-11-25 14:14:53,327 - INFO - connection open
2025-11-25 14:14:53,336 - INFO - Usuario conectado: ID 1 | Rol: founder | Sesi√≥n: rbasikmd...
2025-11-25 14:24:44,732 - INFO - Usuario 1 desconectado completamente.
2025-11-25 14:24:46,037 - INFO - connection open
2025-11-25 14:24:46,042 - INFO - Usuario conectado: ID 1 | Rol: founder | Sesi√≥n: rbasikmd...
2025-11-25 14:24:59,643 - INFO - Usuario 2 desconectado completamente.
2025-11-25 14:25:04,406 - INFO - Usuario 1 desconectado completamente.
2025-11-25 14:25:04,535 - INFO - connection open
2025-11-25 14:25:04,542 - INFO - Usuario conectado: ID 1 | Rol: founder | Sesi√≥n: rbasikmd...
2025-11-25 14:25:05,494 - INFO - Usuario 1 desconectado completamente.
2025-11-25 14:25:05,589 - INFO - connection open
2025-11-25 14:25:05,603 - INFO - Usuario conectado: ID 1 | Rol: founder | Sesi√≥n: rbasikmd...
2025-11-25 14:25:08,807 - INFO - Usuario 1 desconectado completamente.
2025-11-25 14:25:08,896 - INFO - connection open
2025-11-25 14:25:08,898 - INFO - Usuario conectado: ID 1 | Rol: founder | Sesi√≥n: rbasikmd...
2025-11-25 14:26:44,715 - INFO - Usuario 1 desconectado completamente.
2025-11-25 14:26:44,789 - INFO - connection open
2025-11-25 14:26:44,794 - INFO - Usuario conectado: ID 1 | Rol: founder | Sesi√≥n: rbasikmd...
2025-11-25 14:27:31,009 - INFO - Usuario 1 desconectado completamente.
2025-11-25 14:27:31,154 - INFO - connection open
2025-11-25 14:27:31,156 - INFO - Usuario conectado: ID 1 | Rol: founder | Sesi√≥n: rbasikmd...
2025-11-25 14:31:53,190 - INFO - Usuario 1 desconectado completamente.
2025-11-25 14:31:53,812 - INFO - connection open
2025-11-25 14:31:53,815 - INFO - Usuario conectado: ID 1 | Rol: founder | Sesi√≥n: rbasikmd...
2025-11-25 14:32:24,178 - INFO - connection open
2025-11-25 14:32:24,203 - INFO - Usuario conectado: ID 2 | Rol: user | Sesi√≥n: 103ok3ug...
2025-11-25 14:35:39,393 - INFO - Usuario 1 desconectado completamente.
2025-11-25 14:35:39,488 - INFO - connection open
2025-11-25 14:35:39,508 - INFO - Usuario conectado: ID 1 | Rol: founder | Sesi√≥n: rbasikmd...
2025-11-25 14:41:14,947 - INFO - Usuario 1 desconectado completamente.
2025-11-25 14:41:16,303 - INFO - connection open
2025-11-25 14:41:16,307 - INFO - Usuario conectado: ID 1 | Rol: founder | Sesi√≥n: rbasikmd...
2025-11-25 14:41:42,331 - INFO - Usuario 1 desconectado completamente.
2025-11-25 14:41:43,229 - INFO - connection open
2025-11-25 14:41:43,233 - INFO - Usuario conectado: ID 1 | Rol: founder | Sesi√≥n: rbasikmd...
2025-11-25 14:41:49,352 - INFO - Usuario 1 desconectado completamente.
2025-11-25 14:41:49,496 - INFO - connection open
2025-11-25 14:41:49,499 - INFO - Usuario conectado: ID 1 | Rol: founder | Sesi√≥n: rbasikmd...
2025-11-25 14:42:03,042 - INFO - Usuario 1 desconectado completamente.
2025-11-25 14:42:03,227 - INFO - connection open
2025-11-25 14:42:03,232 - INFO - Usuario conectado: ID 1 | Rol: founder | Sesi√≥n: rbasikmd...
2025-11-25 14:42:25,695 - INFO - Usuario 2 desconectado completamente.
2025-11-25 14:42:52,631 - INFO - Usuario 1 desconectado completamente.
2025-11-25 14:42:52,744 - INFO - connection open
2025-11-25 14:42:52,747 - INFO - Usuario conectado: ID 1 | Rol: founder | Sesi√≥n: rbasikmd...
2025-11-25 14:46:23,548 - INFO - Usuario 1 desconectado completamente.
2025-11-25 14:46:24,001 - INFO - connection open
2025-11-25 14:46:24,008 - INFO - Usuario conectado: ID 1 | Rol: founder | Sesi√≥n: rbasikmd...
2025-11-25 14:46:24,994 - INFO - Usuario 1 desconectado completamente.
2025-11-25 14:46:26,292 - INFO - connection open
2025-11-25 14:46:26,333 - INFO - Usuario conectado: ID 1 | Rol: founder | Sesi√≥n: rbasikmd...
2025-11-25 14:47:36,020 - INFO - Usuario 1 desconectado completamente.
2025-11-25 14:47:36,298 - INFO - connection open
2025-11-25 14:47:36,310 - INFO - Usuario conectado: ID 1 | Rol: founder | Sesi√≥n: rbasikmd...
2025-11-25 14:47:59,096 - INFO - Usuario 1 desconectado completamente.
2025-11-25 14:48:00,424 - INFO - connection open
2025-11-25 14:48:00,454 - INFO - Usuario conectado: ID 1 | Rol: founder | Sesi√≥n: rbasikmd...
2025-11-25 14:48:33,824 - INFO - Usuario 1 desconectado completamente.
2025-11-25 14:48:34,033 - INFO - connection open
2025-11-25 14:48:34,109 - INFO - Usuario conectado: ID 1 | Rol: founder | Sesi√≥n: rbasikmd...
2025-11-25 14:50:28,245 - INFO - Usuario 1 desconectado completamente.
2025-11-25 14:50:29,217 - INFO - connection open
2025-11-25 14:50:29,246 - INFO - Usuario conectado: ID 1 | Rol: founder | Sesi√≥n: rbasikmd...
2025-11-25 14:57:55,191 - INFO - Usuario 1 desconectado completamente.
2025-11-25 14:57:56,050 - INFO - connection open
2025-11-25 14:57:56,082 - INFO - Usuario conectado: ID 1 | Rol: founder | Sesi√≥n: rbasikmd...
2025-11-25 14:58:01,106 - INFO - Usuario 1 desconectado completamente.
2025-11-25 14:58:01,206 - INFO - connection open
2025-11-25 14:58:01,214 - INFO - Usuario conectado: ID 1 | Rol: founder | Sesi√≥n: rbasikmd...
2025-11-25 15:01:47,005 - INFO - Usuario 1 desconectado completamente.
2025-11-25 15:01:47,824 - INFO - connection open
2025-11-25 15:01:47,830 - INFO - Usuario conectado: ID 1 | Rol: founder | Sesi√≥n: rbasikmd...
2025-11-25 15:03:46,034 - INFO - Usuario 1 desconectado completamente.
2025-11-25 15:03:46,816 - INFO - connection open
2025-11-25 15:03:46,840 - INFO - Usuario conectado: ID 1 | Rol: founder | Sesi√≥n: rbasikmd...
2025-11-25 15:03:52,429 - INFO - Usuario 1 desconectado completamente.
2025-11-25 15:03:52,663 - INFO - connection open
2025-11-25 15:03:52,685 - INFO - Usuario conectado: ID 1 | Rol: founder | Sesi√≥n: rbasikmd...
2025-11-25 15:04:04,956 - INFO - Usuario 1 desconectado completamente.
2025-11-25 15:04:05,151 - INFO - connection open
2025-11-25 15:04:05,168 - INFO - Usuario conectado: ID 1 | Rol: founder | Sesi√≥n: rbasikmd...
2025-11-25 15:04:26,529 - INFO - Usuario 1 desconectado completamente.
2025-11-25 15:04:27,331 - INFO - connection open
2025-11-25 15:04:27,361 - INFO - Usuario conectado: ID 1 | Rol: founder | Sesi√≥n: rbasikmd...
2025-11-25 15:04:51,788 - INFO - Usuario 1 desconectado completamente.
2025-11-25 15:04:52,038 - INFO - connection open
2025-11-25 15:04:52,053 - INFO - Usuario conectado: ID 1 | Rol: founder | Sesi√≥n: rbasikmd...
2025-11-25 15:06:04,528 - INFO - Usuario 1 desconectado completamente.
2025-11-25 23:18:15,155 - INFO - connection open
2025-11-25 23:18:15,360 - INFO - Usuario conectado: ID 1 | Rol: founder | Sesi√≥n: rbasikmd...
2025-11-25 23:22:51,423 - INFO - Usuario 1 desconectado completamente.
2025-11-25 23:22:52,578 - INFO - connection open
2025-11-25 23:22:52,589 - INFO - Usuario conectado: ID 1 | Rol: founder | Sesi√≥n: rbasikmd...
2025-11-25 23:22:54,368 - INFO - Usuario 1 desconectado completamente.
2025-11-25 23:22:54,445 - INFO - connection open
2025-11-25 23:22:54,454 - INFO - Usuario conectado: ID 1 | Rol: founder | Sesi√≥n: rbasikmd...
2025-11-25 23:23:30,287 - INFO - Usuario 1 desconectado completamente.
2025-11-25 23:23:30,470 - INFO - connection open
2025-11-25 23:23:30,483 - INFO - Usuario conectado: ID 1 | Rol: founder | Sesi√≥n: rbasikmd...
2025-11-25 23:23:38,488 - INFO - Usuario 1 desconectado completamente.
2025-11-25 23:23:38,673 - INFO - connection open
2025-11-25 23:23:38,685 - INFO - Usuario conectado: ID 1 | Rol: founder | Sesi√≥n: rbasikmd...
2025-11-25 23:23:47,144 - INFO - Usuario 1 desconectado completamente.
2025-11-25 23:23:47,310 - INFO - connection open
2025-11-25 23:23:47,320 - INFO - Usuario conectado: ID 1 | Rol: founder | Sesi√≥n: rbasikmd...
2025-11-25 23:26:26,638 - INFO - Usuario 1 desconectado completamente.
2025-11-25 23:26:26,830 - INFO - connection open
2025-11-25 23:26:26,847 - INFO - Usuario conectado: ID 1 | Rol: founder | Sesi√≥n: rbasikmd...
2025-11-25 23:26:33,526 - INFO - Usuario 1 desconectado completamente.
2025-11-25 23:26:33,696 - INFO - connection open
2025-11-25 23:26:33,713 - INFO - Usuario conectado: ID 1 | Rol: founder | Sesi√≥n: rbasikmd...
2025-11-25 23:26:44,834 - INFO - Usuario 1 desconectado completamente.
2025-11-25 23:26:44,994 - INFO - connection open
2025-11-25 23:26:45,016 - INFO - Usuario conectado: ID 1 | Rol: founder | Sesi√≥n: rbasikmd...
2025-11-25 23:27:24,412 - INFO - Usuario 1 desconectado completamente.
2025-11-25 23:27:25,389 - INFO - connection open
2025-11-25 23:27:25,407 - INFO - Usuario conectado: ID 1 | Rol: founder | Sesi√≥n: rbasikmd...
2025-11-25 23:28:26,239 - INFO - Usuario 1 desconectado completamente.
2025-11-25 23:28:27,425 - INFO - connection open
2025-11-25 23:28:27,465 - INFO - Usuario conectado: ID 1 | Rol: founder | Sesi√≥n: rbasikmd...
2025-11-25 23:28:30,103 - INFO - Usuario 1 desconectado completamente.
2025-11-25 23:28:30,312 - INFO - connection open
2025-11-25 23:28:30,322 - INFO - Usuario conectado: ID 1 | Rol: founder | Sesi√≥n: rbasikmd...
2025-11-25 23:28:41,837 - INFO - Usuario 1 desconectado completamente.
2025-11-25 23:28:41,997 - INFO - connection open
2025-11-25 23:28:42,055 - INFO - Usuario conectado: ID 1 | Rol: founder | Sesi√≥n: rbasikmd...
2025-11-25 23:28:44,446 - INFO - Usuario 1 desconectado completamente.
2025-11-25 23:28:44,654 - INFO - connection open
2025-11-25 23:28:44,680 - INFO - Usuario conectado: ID 1 | Rol: founder | Sesi√≥n: rbasikmd...
2025-11-25 23:32:17,428 - INFO - Usuario 1 desconectado completamente.
2025-11-25 23:32:18,118 - INFO - connection open
2025-11-25 23:32:18,144 - INFO - Usuario conectado: ID 1 | Rol: founder | Sesi√≥n: rbasikmd...
2025-11-25 23:34:51,389 - INFO - Usuario 1 desconectado completamente.
2025-11-25 23:34:52,086 - INFO - connection open
2025-11-25 23:34:52,102 - INFO - Usuario conectado: ID 1 | Rol: founder | Sesi√≥n: rbasikmd...
2025-11-25 23:35:02,955 - INFO - Usuario 1 desconectado completamente.
2025-11-25 23:35:03,191 - INFO - connection open
2025-11-25 23:35:03,208 - INFO - Usuario conectado: ID 1 | Rol: founder | Sesi√≥n: rbasikmd...
2025-11-25 23:35:27,972 - INFO - Usuario 1 desconectado completamente.
2025-11-25 23:35:28,293 - INFO - connection open
2025-11-25 23:35:28,304 - INFO - Usuario conectado: ID 1 | Rol: founder | Sesi√≥n: rbasikmd...
2025-11-25 23:36:07,509 - INFO - Usuario 1 desconectado completamente.
2025-11-25 23:36:23,631 - INFO - connection open
2025-11-25 23:36:23,646 - INFO - Usuario conectado: ID 1 | Rol: founder | Sesi√≥n: rbasikmd...
2025-11-25 23:40:24,320 - INFO - Usuario 1 desconectado completamente.
2025-11-25 23:40:25,477 - INFO - connection open
2025-11-25 23:40:25,481 - INFO - Usuario conectado: ID 1 | Rol: founder | Sesi√≥n: rbasikmd...
2025-11-25 23:42:43,999 - INFO - Usuario 1 desconectado completamente.
2025-11-25 23:42:44,778 - INFO - connection open
2025-11-25 23:42:44,800 - INFO - Usuario conectado: ID 1 | Rol: founder | Sesi√≥n: rbasikmd...
2025-11-25 23:42:52,834 - INFO - Usuario 1 desconectado completamente.
2025-11-25 23:42:53,053 - INFO - connection open
2025-11-25 23:42:53,078 - INFO - Usuario conectado: ID 1 | Rol: founder | Sesi√≥n: rbasikmd...
2025-11-25 23:42:54,653 - INFO - Usuario 1 desconectado completamente.
2025-11-25 23:42:54,867 - INFO - connection open
2025-11-25 23:42:54,874 - INFO - Usuario conectado: ID 1 | Rol: founder | Sesi√≥n: rbasikmd...
2025-11-25 23:42:55,232 - INFO - Usuario 1 desconectado completamente.
2025-11-25 23:42:55,416 - INFO - connection open
2025-11-25 23:42:55,437 - INFO - Usuario conectado: ID 1 | Rol: founder | Sesi√≥n: rbasikmd...
2025-11-25 23:42:55,802 - INFO - Usuario 1 desconectado completamente.
2025-11-25 23:42:55,983 - INFO - connection open
2025-11-25 23:42:56,003 - INFO - Usuario conectado: ID 1 | Rol: founder | Sesi√≥n: rbasikmd...
2025-11-25 23:42:56,212 - INFO - Usuario 1 desconectado completamente.
2025-11-25 23:42:56,380 - INFO - connection open
2025-11-25 23:42:56,396 - INFO - Usuario conectado: ID 1 | Rol: founder | Sesi√≥n: rbasikmd...
2025-11-25 23:42:56,652 - INFO - Usuario 1 desconectado completamente.
2025-11-25 23:42:56,839 - INFO - connection open
2025-11-25 23:42:56,850 - INFO - Usuario conectado: ID 1 | Rol: founder | Sesi√≥n: rbasikmd...
2025-11-25 23:42:57,016 - INFO - Usuario 1 desconectado completamente.
2025-11-25 23:42:57,180 - INFO - connection open
2025-11-25 23:42:57,197 - INFO - Usuario conectado: ID 1 | Rol: founder | Sesi√≥n: rbasikmd...
2025-11-25 23:42:57,686 - INFO - Usuario 1 desconectado completamente.
2025-11-25 23:42:57,891 - INFO - connection open
2025-11-25 23:42:57,913 - INFO - Usuario conectado: ID 1 | Rol: founder | Sesi√≥n: rbasikmd...
2025-11-25 23:49:57,314 - INFO - Usuario 1 desconectado completamente.
2025-11-25 23:49:59,437 - INFO - connection open
2025-11-25 23:49:59,442 - INFO - Usuario conectado: ID 1 | Rol: founder | Sesi√≥n: rbasikmd...
2025-11-25 23:52:14,953 - INFO - Usuario 1 desconectado completamente.
2025-11-25 23:52:15,204 - INFO - connection open
2025-11-25 23:52:15,214 - INFO - Usuario conectado: ID 1 | Rol: founder | Sesi√≥n: rbasikmd...
2025-11-25 23:58:02,064 - INFO - Usuario 1 desconectado completamente.
2025-11-25 23:58:02,780 - INFO - connection open
2025-11-25 23:58:02,782 - INFO - Usuario conectado: ID 1 | Rol: founder | Sesi√≥n: rbasikmd...
2025-11-26 00:00:55,990 - INFO - Usuario 1 desconectado completamente.
2025-11-26 00:00:56,754 - INFO - connection open
2025-11-26 00:00:56,769 - INFO - Usuario conectado: ID 1 | Rol: founder | Sesi√≥n: rbasikmd...
2025-11-26 00:03:33,551 - INFO - Usuario 1 desconectado completamente.
2025-11-26 00:03:34,248 - INFO - connection open
2025-11-26 00:03:34,277 - INFO - Usuario conectado: ID 1 | Rol: founder | Sesi√≥n: rbasikmd...
2025-11-26 00:06:35,094 - INFO - Usuario 1 desconectado completamente.
2025-11-26 00:06:35,436 - INFO - connection open
2025-11-26 00:06:35,445 - INFO - Usuario conectado: ID 1 | Rol: founder | Sesi√≥n: rbasikmd...
2025-11-26 00:09:32,228 - INFO - Usuario 1 desconectado completamente.
2025-11-26 00:09:32,530 - INFO - connection open
2025-11-26 00:09:32,534 - INFO - Usuario conectado: ID 1 | Rol: founder | Sesi√≥n: rbasikmd...
2025-11-26 00:13:10,653 - INFO - Usuario 1 desconectado completamente.
2025-11-26 00:13:11,195 - INFO - connection open
2025-11-26 00:13:11,200 - INFO - Usuario conectado: ID 1 | Rol: founder | Sesi√≥n: rbasikmd...
2025-11-26 00:14:56,018 - INFO - Usuario 1 desconectado completamente.
2025-11-26 00:14:56,644 - INFO - connection open
2025-11-26 00:14:56,657 - INFO - Usuario conectado: ID 1 | Rol: founder | Sesi√≥n: rbasikmd...
2025-11-26 00:17:26,081 - INFO - Usuario 1 desconectado completamente.
2025-11-26 00:17:26,448 - INFO - connection open
2025-11-26 00:17:26,462 - INFO - Usuario conectado: ID 1 | Rol: founder | Sesi√≥n: rbasikmd...
2025-11-26 00:17:38,289 - INFO - Usuario 1 desconectado completamente.
2025-11-26 00:17:38,577 - INFO - connection open
2025-11-26 00:17:38,654 - INFO - Usuario conectado: ID 1 | Rol: founder | Sesi√≥n: rbasikmd...
2025-11-26 00:20:41,112 - INFO - Usuario 1 desconectado completamente.
2025-11-26 00:20:41,393 - INFO - connection open
2025-11-26 00:20:41,418 - INFO - Usuario conectado: ID 1 | Rol: founder | Sesi√≥n: rbasikmd...
2025-11-26 00:21:38,589 - INFO - Usuario 1 desconectado completamente.
2025-11-26 00:21:38,892 - INFO - connection open
2025-11-26 00:21:38,904 - INFO - Usuario conectado: ID 1 | Rol: founder | Sesi√≥n: rbasikmd...
2025-11-26 00:21:40,945 - INFO - Usuario 1 desconectado completamente.
2025-11-26 00:21:41,788 - INFO - connection open
2025-11-26 00:21:41,889 - INFO - Usuario conectado: ID 1 | Rol: founder | Sesi√≥n: rbasikmd...
2025-11-26 00:22:04,858 - INFO - Usuario 1 desconectado completamente.
2025-11-26 00:22:05,201 - INFO - connection open
2025-11-26 00:22:05,219 - INFO - Usuario conectado: ID 1 | Rol: founder | Sesi√≥n: rbasikmd...
2025-11-26 00:23:07,649 - INFO - Usuario 1 desconectado completamente.
2025-11-26 00:23:07,899 - INFO - connection open
2025-11-26 00:23:07,910 - INFO - Usuario conectado: ID 1 | Rol: founder | Sesi√≥n: rbasikmd...
2025-11-26 00:24:08,629 - INFO - Usuario 1 desconectado completamente.
2025-11-26 00:24:08,871 - INFO - connection open
2025-11-26 00:24:08,877 - INFO - Usuario conectado: ID 1 | Rol: founder | Sesi√≥n: rbasikmd...
2025-11-26 00:24:47,683 - INFO - Usuario 1 desconectado completamente.
2025-11-26 00:24:47,971 - INFO - connection open
2025-11-26 00:24:47,975 - INFO - Usuario conectado: ID 1 | Rol: founder | Sesi√≥n: rbasikmd...
2025-11-26 00:26:39,418 - INFO - Usuario 1 desconectado completamente.
2025-11-26 00:26:40,395 - INFO - connection open
2025-11-26 00:26:40,472 - INFO - Usuario conectado: ID 1 | Rol: founder | Sesi√≥n: rbasikmd...
2025-11-26 00:27:44,267 - INFO - Usuario 1 desconectado completamente.
2025-11-26 00:27:44,663 - INFO - connection open
2025-11-26 00:27:44,667 - INFO - Usuario conectado: ID 1 | Rol: founder | Sesi√≥n: rbasikmd...
2025-11-26 00:30:51,734 - INFO - Usuario 1 desconectado completamente.
2025-11-26 00:30:52,013 - INFO - connection open
2025-11-26 00:30:52,018 - INFO - Usuario conectado: ID 1 | Rol: founder | Sesi√≥n: rbasikmd...
2025-11-26 00:31:05,440 - INFO - Usuario 1 desconectado completamente.
2025-11-26 00:31:06,904 - INFO - connection open
2025-11-26 00:31:06,908 - INFO - Usuario conectado: ID 1 | Rol: founder | Sesi√≥n: rbasikmd...
2025-11-26 00:34:36,543 - INFO - Usuario 1 desconectado completamente.
2025-11-26 00:34:37,011 - INFO - connection open
2025-11-26 00:34:37,028 - INFO - Usuario conectado: ID 1 | Rol: founder | Sesi√≥n: rbasikmd...
2025-11-26 00:34:55,159 - INFO - Usuario 1 desconectado completamente.
2025-11-26 00:34:55,392 - INFO - connection open
2025-11-26 00:34:55,406 - INFO - Usuario conectado: ID 1 | Rol: founder | Sesi√≥n: rbasikmd...
2025-11-26 00:35:33,077 - INFO - Usuario 1 desconectado completamente.
2025-11-26 00:35:33,305 - INFO - connection open
2025-11-26 00:35:33,312 - INFO - Usuario conectado: ID 1 | Rol: founder | Sesi√≥n: rbasikmd...
2025-11-26 00:35:37,094 - INFO - Usuario 1 desconectado completamente.
2025-11-26 00:35:37,332 - INFO - connection open
2025-11-26 00:35:37,371 - INFO - Usuario conectado: ID 1 | Rol: founder | Sesi√≥n: rbasikmd...
2025-11-26 00:35:39,013 - INFO - Usuario 1 desconectado completamente.
2025-11-26 00:35:39,475 - INFO - connection open
2025-11-26 00:35:39,499 - INFO - Usuario conectado: ID 1 | Rol: founder | Sesi√≥n: rbasikmd...
2025-11-26 00:35:55,030 - INFO - Usuario 1 desconectado completamente.
2025-11-26 00:35:55,308 - INFO - connection open
2025-11-26 00:35:55,318 - INFO - Usuario conectado: ID 1 | Rol: founder | Sesi√≥n: rbasikmd...
2025-11-26 00:38:19,253 - INFO - Usuario 1 desconectado completamente.
2025-11-26 00:39:22,276 - INFO - connection open
2025-11-26 00:39:22,289 - INFO - Usuario conectado: ID 1 | Rol: founder | Sesi√≥n: rbasikmd...
2025-11-26 00:41:10,525 - INFO - Usuario 1 desconectado completamente.
2025-11-26 00:41:11,276 - INFO - connection open
2025-11-26 00:41:11,296 - INFO - Usuario conectado: ID 1 | Rol: founder | Sesi√≥n: rbasikmd...
2025-11-26 00:43:22,842 - INFO - Usuario 1 desconectado completamente.
2025-11-26 00:43:23,166 - INFO - connection open
2025-11-26 00:43:23,177 - INFO - Usuario conectado: ID 1 | Rol: founder | Sesi√≥n: rbasikmd...
2025-11-26 00:44:33,662 - INFO - Usuario 1 desconectado completamente.
2025-11-26 00:44:33,955 - INFO - connection open
2025-11-26 00:44:33,969 - INFO - Usuario conectado: ID 1 | Rol: founder | Sesi√≥n: rbasikmd...
2025-11-26 00:45:29,579 - INFO - Usuario 1 desconectado completamente.
2025-11-26 00:45:29,964 - INFO - connection open
2025-11-26 00:45:29,976 - INFO - Usuario conectado: ID 1 | Rol: founder | Sesi√≥n: rbasikmd...
2025-11-26 00:49:22,720 - INFO - Usuario 1 desconectado completamente.
2025-11-26 00:49:23,087 - INFO - connection open
2025-11-26 00:49:23,096 - INFO - Usuario conectado: ID 1 | Rol: founder | Sesi√≥n: rbasikmd...
2025-11-26 00:49:28,575 - INFO - Usuario 1 desconectado completamente.
2025-11-26 00:49:28,824 - INFO - connection open
2025-11-26 00:49:28,835 - INFO - Usuario conectado: ID 1 | Rol: founder | Sesi√≥n: rbasikmd...
2025-11-26 00:49:34,320 - INFO - Usuario 1 desconectado completamente.
2025-11-26 00:49:34,569 - INFO - connection open
2025-11-26 00:49:34,574 - INFO - Usuario conectado: ID 1 | Rol: founder | Sesi√≥n: rbasikmd...
2025-11-26 00:49:38,444 - INFO - Usuario 1 desconectado completamente.
2025-11-26 00:49:38,681 - INFO - connection open
2025-11-26 00:49:38,694 - INFO - Usuario conectado: ID 1 | Rol: founder | Sesi√≥n: rbasikmd...
2025-11-26 00:50:06,985 - INFO - Usuario 1 desconectado completamente.
2025-11-26 00:52:12,083 - INFO - connection open
2025-11-26 00:52:12,094 - INFO - Usuario conectado: ID 1 | Rol: founder | Sesi√≥n: rbasikmd...
2025-11-26 00:53:29,094 - INFO - Usuario 1 desconectado completamente.
2025-11-26 00:53:29,932 - INFO - connection open
2025-11-26 00:53:29,958 - INFO - Usuario conectado: ID 1 | Rol: founder | Sesi√≥n: rbasikmd...
2025-11-26 01:03:51,394 - INFO - Usuario 1 desconectado completamente.
2025-11-26 01:03:53,230 - INFO - connection open
2025-11-26 01:03:53,240 - INFO - Usuario conectado: ID 1 | Rol: founder | Sesi√≥n: rbasikmd...
2025-11-26 01:04:40,283 - INFO - Usuario 1 desconectado completamente.
2025-11-26 01:04:41,388 - INFO - connection open
2025-11-26 01:04:41,396 - INFO - Usuario conectado: ID 1 | Rol: founder | Sesi√≥n: rbasikmd...
2025-11-26 01:04:45,912 - INFO - Usuario 1 desconectado completamente.
2025-11-26 01:04:46,241 - INFO - connection open
2025-11-26 01:04:46,246 - INFO - Usuario conectado: ID 1 | Rol: founder | Sesi√≥n: rbasikmd...
2025-11-26 01:04:46,963 - INFO - Usuario 1 desconectado completamente.
2025-11-26 01:04:47,211 - INFO - connection open
2025-11-26 01:04:47,231 - INFO - Usuario conectado: ID 1 | Rol: founder | Sesi√≥n: rbasikmd...
2025-11-26 01:04:47,744 - INFO - Usuario 1 desconectado completamente.
2025-11-26 01:04:48,026 - INFO - connection open
2025-11-26 01:04:48,053 - INFO - Usuario conectado: ID 1 | Rol: founder | Sesi√≥n: rbasikmd...
2025-11-26 01:04:50,459 - INFO - Usuario 1 desconectado completamente.
2025-11-26 01:04:50,694 - INFO - connection open
2025-11-26 01:04:50,707 - INFO - Usuario conectado: ID 1 | Rol: founder | Sesi√≥n: rbasikmd...
2025-11-26 01:04:51,254 - INFO - Usuario 1 desconectado completamente.
2025-11-26 01:04:51,536 - INFO - connection open
2025-11-26 01:04:51,559 - INFO - Usuario conectado: ID 1 | Rol: founder | Sesi√≥n: rbasikmd...
2025-11-26 01:04:53,432 - INFO - Usuario 1 desconectado completamente.
2025-11-26 01:04:53,685 - INFO - connection open
2025-11-26 01:04:53,703 - INFO - Usuario conectado: ID 1 | Rol: founder | Sesi√≥n: rbasikmd...
2025-11-26 01:07:15,878 - INFO - Usuario 1 desconectado completamente.
2025-11-26 01:07:16,821 - INFO - connection open
2025-11-26 01:07:16,856 - INFO - Usuario conectado: ID 1 | Rol: founder | Sesi√≥n: rbasikmd...
2025-11-26 01:10:54,544 - INFO - Usuario 1 desconectado completamente.
2025-11-27 10:09:35,147 - INFO - ‚úÖ Pool de conexiones a base de datos inicializado.
2025-11-27 10:09:35,192 - INFO - === Servidor Aurora Iniciado (Async + Logging Profesional) ===
2025-11-27 10:09:35,742 - INFO - server listening on 0.0.0.0:8080
2025-11-27 10:09:36,290 - INFO - connection open
2025-11-27 10:09:36,296 - INFO - Usuario conectado: ID 1 | Rol: founder | Sesi√≥n: 1jldasd9...
2025-11-27 10:09:43,773 - INFO - Usuario 1 desconectado completamente.
2025-11-27 10:09:43,838 - INFO - connection open
2025-11-27 10:09:43,840 - INFO - Usuario conectado: ID 1 | Rol: founder | Sesi√≥n: 1jldasd9...
2025-11-27 10:09:45,638 - INFO - Usuario 1 desconectado completamente.
2025-11-27 10:09:46,128 - INFO - connection open
2025-11-27 10:09:46,138 - INFO - Usuario conectado: ID 1 | Rol: founder | Sesi√≥n: 1jldasd9...
2025-11-27 10:16:37,901 - INFO - Usuario 1 desconectado completamente.
2025-11-27 10:16:38,917 - INFO - connection open
2025-11-27 10:16:39,012 - INFO - Usuario conectado: ID 1 | Rol: founder | Sesi√≥n: 1jldasd9...
2025-11-27 10:16:55,848 - INFO - Usuario 1 desconectado completamente.
2025-11-27 10:16:56,038 - INFO - connection open
2025-11-27 10:16:56,052 - INFO - Usuario conectado: ID 1 | Rol: founder | Sesi√≥n: 1jldasd9...
2025-11-27 10:16:59,710 - INFO - Usuario 1 desconectado completamente.
2025-11-27 10:16:59,855 - INFO - connection open
2025-11-27 10:16:59,878 - INFO - Usuario conectado: ID 1 | Rol: founder | Sesi√≥n: 1jldasd9...
2025-11-27 10:17:00,483 - INFO - Usuario 1 desconectado completamente.
2025-11-27 10:17:00,625 - INFO - connection open
2025-11-27 10:17:00,644 - INFO - Usuario conectado: ID 1 | Rol: founder | Sesi√≥n: 1jldasd9...
2025-11-27 10:19:59,928 - INFO - Usuario 1 desconectado completamente.
2025-11-27 10:20:00,099 - INFO - connection open
2025-11-27 10:20:00,134 - INFO - Usuario conectado: ID 1 | Rol: founder | Sesi√≥n: 1jldasd9...
2025-11-27 10:20:19,177 - INFO - Usuario 1 desconectado completamente.
2025-11-27 10:20:19,358 - INFO - connection open
2025-11-27 10:20:19,380 - INFO - Usuario conectado: ID 1 | Rol: founder | Sesi√≥n: 1jldasd9...
2025-11-27 10:20:26,005 - INFO - Usuario 1 desconectado completamente.
2025-11-27 10:20:26,574 - INFO - connection open
2025-11-27 10:20:26,593 - INFO - Usuario conectado: ID 1 | Rol: founder | Sesi√≥n: 1jldasd9...
2025-11-27 10:20:32,807 - INFO - Usuario 1 desconectado completamente.
2025-11-27 10:20:33,046 - INFO - connection open
2025-11-27 10:20:33,059 - INFO - Usuario conectado: ID 1 | Rol: founder | Sesi√≥n: 1jldasd9...
2025-11-27 10:20:38,228 - INFO - Usuario 1 desconectado completamente.
2025-11-27 10:20:38,387 - INFO - connection open
2025-11-27 10:20:38,405 - INFO - Usuario conectado: ID 1 | Rol: founder | Sesi√≥n: 1jldasd9...
2025-11-27 10:20:42,895 - INFO - Usuario 1 desconectado completamente.
2025-11-27 10:20:43,194 - INFO - connection open
2025-11-27 10:20:43,237 - INFO - Usuario conectado: ID 1 | Rol: founder | Sesi√≥n: 1jldasd9...
2025-11-27 10:24:11,053 - INFO - Usuario 1 desconectado completamente.
2025-11-27 10:24:11,274 - INFO - connection open
2025-11-27 10:24:11,290 - INFO - Usuario conectado: ID 1 | Rol: founder | Sesi√≥n: 1jldasd9...
2025-11-27 10:24:12,537 - INFO - Usuario 1 desconectado completamente.
2025-11-27 10:24:12,695 - INFO - connection open
2025-11-27 10:24:12,718 - INFO - Usuario conectado: ID 1 | Rol: founder | Sesi√≥n: 1jldasd9...
2025-11-27 10:24:13,396 - INFO - Usuario 1 desconectado completamente.
2025-11-27 10:24:13,563 - INFO - connection open
2025-11-27 10:24:13,579 - INFO - Usuario conectado: ID 1 | Rol: founder | Sesi√≥n: 1jldasd9...
2025-11-27 10:24:34,010 - INFO - Usuario 1 desconectado completamente.
2025-11-27 10:24:34,220 - INFO - connection open
2025-11-27 10:24:34,231 - INFO - Usuario conectado: ID 1 | Rol: founder | Sesi√≥n: 1jldasd9...
2025-11-27 10:24:34,776 - INFO - Usuario 1 desconectado completamente.
2025-11-27 10:24:34,983 - INFO - connection open
2025-11-27 10:24:34,994 - INFO - Usuario conectado: ID 1 | Rol: founder | Sesi√≥n: 1jldasd9...
2025-11-27 10:24:45,069 - INFO - Usuario 1 desconectado completamente.
2025-11-27 10:24:45,247 - INFO - connection open
2025-11-27 10:24:45,267 - INFO - Usuario conectado: ID 1 | Rol: founder | Sesi√≥n: 1jldasd9...
2025-11-27 10:24:46,143 - INFO - Usuario 1 desconectado completamente.
2025-11-27 10:24:46,317 - INFO - connection open
2025-11-27 10:24:46,328 - INFO - Usuario conectado: ID 1 | Rol: founder | Sesi√≥n: 1jldasd9...
2025-11-27 10:24:55,203 - INFO - Usuario 1 desconectado completamente.
2025-11-27 10:24:55,388 - INFO - connection open
2025-11-27 10:24:55,405 - INFO - Usuario conectado: ID 1 | Rol: founder | Sesi√≥n: 1jldasd9...
2025-11-27 10:25:16,516 - INFO - üì¢ Notificaci√≥n GLOBAL: system_alert_update
2025-11-27 10:25:27,349 - INFO - üì¢ Notificaci√≥n GLOBAL: system_alert_update
2025-11-27 10:26:41,576 - INFO - Usuario 1 desconectado completamente.
2025-11-27 10:26:41,771 - INFO - connection open
2025-11-27 10:26:41,791 - INFO - Usuario conectado: ID 1 | Rol: founder | Sesi√≥n: 1jldasd9...
